<?xml version="1.0" encoding="UTF-8"?>
<testng-results ignored="0" total="1" passed="1" failed="0" skipped="0">
  <reporter-output>
    <line>
      <![CDATA[Demowebshop launched Successfully]]>
    </line>
  </reporter-output>
  <suite started-at="2025-04-19T10:42:00 IST" name="Surefire suite" finished-at="2025-04-19T10:42:19 IST" duration-ms="19169">
    <groups>
    </groups>
    <test started-at="2025-04-19T10:42:00 IST" name="Surefire test" finished-at="2025-04-19T10:42:19 IST" duration-ms="19169">
      <class name="demo.JenkinsTest">
        <test-method signature="lunch()[pri:0, instance:demo.JenkinsTest@2805c96b]" started-at="2025-04-19T10:42:00 IST" name="lunch" finished-at="2025-04-19T10:42:19 IST" duration-ms="19079" status="PASS">
          <reporter-output>
            <line>
              <![CDATA[Demowebshop launched Successfully]]>
            </line>
          </reporter-output>
        </test-method> <!-- lunch -->
      </class> <!-- demo.JenkinsTest -->
    </test> <!-- Surefire test -->
  </suite> <!-- Surefire suite -->
</testng-results>
